{"numFailedTestSuites":0,"numFailedTests":0,"numPassedTestSuites":1,"numPassedTests":52,"numPendingTestSuites":0,"numPendingTests":0,"numRuntimeErrorTestSuites":0,"numTodoTests":0,"numTotalTestSuites":1,"numTotalTests":52,"openHandles":[],"snapshot":{"added":0,"didUpdate":false,"failure":false,"filesAdded":0,"filesRemoved":0,"filesRemovedList":[],"filesUnmatched":0,"filesUpdated":0,"matched":0,"total":0,"unchecked":0,"uncheckedKeysByFile":[],"unmatched":0,"updated":0},"startTime":1784374061795,"success":true,"testResults":[{"assertionResults":[{"ancestorTitles":["AuthController"],"duration":167,"failing":false,"failureDetails":[],"failureMessages":[],"fullName":"AuthController googleSignIn strips quotes from GOOGLE_CLIENT_ID entries","invocations":1,"location":null,"numPassingAsserts":2,"retryReasons":[],"startAt":1784374070269,"status":"passed","title":"googleSignIn strips quotes from GOOGLE_CLIENT_ID entries"},{"ancestorTitles":["AuthController"],"duration":2,"failing":false,"failureDetails":[],"failureMessages":[],"fullName":"AuthController whoami returns 401 when no user","invocations":1,"location":null,"numPassingAsserts":2,"retryReasons":[],"startAt":1784374070438,"status":"passed","title":"whoami returns 401 when no user"},{"ancestorTitles":["AuthController"],"duration":3,"failing":false,"failureDetails":[],"failureMessages":[],"fullName":"AuthController whoami returns 200 with user when present","invocations":1,"location":null,"numPassingAsserts":2,"retryReasons":[],"startAt":1784374070441,"status":"passed","title":"whoami returns 200 with user when present"},{"ancestorTitles":["AuthController"],"duration":70,"failing":false,"failureDetails":[],"failureMessages":[],"fullName":"AuthController whoami catches exceptions thrown while reading user","invocations":1,"location":null,"numPassingAsserts":1,"retryReasons":[],"startAt":1784374070445,"status":"passed","title":"whoami catches exceptions thrown while reading user"},{"ancestorTitles":["AuthController"],"duration":12,"failing":false,"failureDetails":[],"failureMessages":[],"fullName":"AuthController whoami returns 500 with default message when thrown error has no message","invocations":1,"location":null,"numPassingAsserts":2,"retryReasons":[],"startAt":1784374070516,"status":"passed","title":"whoami returns 500 with default message when thrown error has no message"},{"ancestorTitles":["AuthController"],"duration":7,"failing":false,"failureDetails":[],"failureMessages":[],"fullName":"AuthController whoami propagates statusCode when error thrown has one","invocations":1,"location":null,"numPassingAsserts":2,"retryReasons":[],"startAt":1784374070529,"status":"passed","title":"whoami propagates statusCode when error thrown has one"},{"ancestorTitles":["AuthController"],"duration":258,"failing":false,"failureDetails":[],"failureMessages":[],"fullName":"AuthController register returns 400 on validation error","invocations":1,"location":null,"numPassingAsserts":2,"retryReasons":[],"startAt":1784374070537,"status":"passed","title":"register returns 400 on validation error"},{"ancestorTitles":["AuthController"],"duration":2358,"failing":false,"failureDetails":[],"failureMessages":[],"fullName":"AuthController register returns 201 on success","invocations":1,"location":null,"numPassingAsserts":2,"retryReasons":[],"startAt":1784374070796,"status":"passed","title":"register returns 201 on success"},{"ancestorTitles":["AuthController"],"duration":4,"failing":false,"failureDetails":[],"failureMessages":[],"fullName":"AuthController login returns 400 on validation error","invocations":1,"location":null,"numPassingAsserts":1,"retryReasons":[],"startAt":1784374073157,"status":"passed","title":"login returns 400 on validation error"},{"ancestorTitles":["AuthController"],"duration":4,"failing":false,"failureDetails":[],"failureMessages":[],"fullName":"AuthController login returns 403 when email is not verified","invocations":1,"location":null,"numPassingAsserts":2,"retryReasons":[],"startAt":1784374073165,"status":"passed","title":"login returns 403 when email is not verified"},{"ancestorTitles":["AuthController"],"duration":3,"failing":false,"failureDetails":[],"failureMessages":[],"fullName":"AuthController login returns 200 on success","invocations":1,"location":null,"numPassingAsserts":2,"retryReasons":[],"startAt":1784374073171,"status":"passed","title":"login returns 200 on success"},{"ancestorTitles":["AuthController"],"duration":22,"failing":false,"failureDetails":[],"failureMessages":[],"fullName":"AuthController login catch block handles unexpected errors from parsing","invocations":1,"location":null,"numPassingAsserts":1,"retryReasons":[],"startAt":1784374073176,"status":"passed","title":"login catch block handles unexpected errors from parsing"},{"ancestorTitles":["AuthController"],"duration":2,"failing":false,"failureDetails":[],"failureMessages":[],"fullName":"AuthController googleSignIn returns 400 when idToken missing","invocations":1,"location":null,"numPassingAsserts":1,"retryReasons":[],"startAt":1784374073200,"status":"passed","title":"googleSignIn returns 400 when idToken missing"},{"ancestorTitles":["AuthController"],"duration":4,"failing":false,"failureDetails":[],"failureMessages":[],"fullName":"AuthController googleSignIn returns 400 when token payload invalid or missing email","invocations":1,"location":null,"numPassingAsserts":1,"retryReasons":[],"startAt":1784374073203,"status":"passed","title":"googleSignIn returns 400 when token payload invalid or missing email"},{"ancestorTitles":["AuthController"],"duration":3,"failing":false,"failureDetails":[],"failureMessages":[],"fullName":"AuthController googleSignIn rejects when email not verified","invocations":1,"location":null,"numPassingAsserts":1,"retryReasons":[],"startAt":1784374073209,"status":"passed","title":"googleSignIn rejects when email not verified"},{"ancestorTitles":["AuthController"],"duration":5,"failing":false,"failureDetails":[],"failureMessages":[],"fullName":"AuthController googleSignIn returns 200 and token on success","invocations":1,"location":null,"numPassingAsserts":2,"retryReasons":[],"startAt":1784374073214,"status":"passed","title":"googleSignIn returns 200 and token on success"},{"ancestorTitles":["AuthController"],"duration":3,"failing":false,"failureDetails":[],"failureMessages":[],"fullName":"AuthController googleSignIn register returns 400 when email already exists","invocations":1,"location":null,"numPassingAsserts":2,"retryReasons":[],"startAt":1784374073220,"status":"passed","title":"googleSignIn register returns 400 when email already exists"},{"ancestorTitles":["AuthController"],"duration":2,"failing":false,"failureDetails":[],"failureMessages":[],"fullName":"AuthController googleSignIn login returns 400 when user not found","invocations":1,"location":null,"numPassingAsserts":2,"retryReasons":[],"startAt":1784374073224,"status":"passed","title":"googleSignIn login returns 400 when user not found"},{"ancestorTitles":["AuthController"],"duration":3,"failing":false,"failureDetails":[],"failureMessages":[],"fullName":"AuthController googleSignIn login succeeds with existing user without creating new","invocations":1,"location":null,"numPassingAsserts":4,"retryReasons":[],"startAt":1784374073227,"status":"passed","title":"googleSignIn login succeeds with existing user without creating new"},{"ancestorTitles":["AuthController"],"duration":1,"failing":false,"failureDetails":[],"failureMessages":[],"fullName":"AuthController exists returns 400 when email missing","invocations":1,"location":null,"numPassingAsserts":2,"retryReasons":[],"startAt":1784374073231,"status":"passed","title":"exists returns 400 when email missing"},{"ancestorTitles":["AuthController"],"duration":2,"failing":false,"failureDetails":[],"failureMessages":[],"fullName":"AuthController exists returns true/false appropriately","invocations":1,"location":null,"numPassingAsserts":4,"retryReasons":[],"startAt":1784374073233,"status":"passed","title":"exists returns true/false appropriately"},{"ancestorTitles":["AuthController"],"duration":1,"failing":false,"failureDetails":[],"failureMessages":[],"fullName":"AuthController exists handles email provided in body instead of query","invocations":1,"location":null,"numPassingAsserts":2,"retryReasons":[],"startAt":1784374073236,"status":"passed","title":"exists handles email provided in body instead of query"},{"ancestorTitles":["AuthController"],"duration":17,"failing":false,"failureDetails":[],"failureMessages":[],"fullName":"AuthController exists handles underlying service error gracefully","invocations":1,"location":null,"numPassingAsserts":2,"retryReasons":[],"startAt":1784374073239,"status":"passed","title":"exists handles underlying service error gracefully"},{"ancestorTitles":["AuthController"],"duration":10,"failing":false,"failureDetails":[],"failureMessages":[],"fullName":"AuthController exists handles service error with no message (fallback branch)","invocations":1,"location":null,"numPassingAsserts":2,"retryReasons":[],"startAt":1784374073257,"status":"passed","title":"exists handles service error with no message (fallback branch)"},{"ancestorTitles":["AuthController"],"duration":5,"failing":false,"failureDetails":[],"failureMessages":[],"fullName":"AuthController googleSignIn register creates new user when email does not exist","invocations":1,"location":null,"numPassingAsserts":2,"retryReasons":[],"startAt":1784374073269,"status":"passed","title":"googleSignIn register creates new user when email does not exist"},{"ancestorTitles":["AuthController"],"duration":145,"failing":false,"failureDetails":[],"failureMessages":[],"fullName":"AuthController googleSignIn uses single audience string when only one client id present","invocations":1,"location":null,"numPassingAsserts":1,"retryReasons":[],"startAt":1784374073276,"status":"passed","title":"googleSignIn uses single audience string when only one client id present"},{"ancestorTitles":["AuthController"],"duration":1,"failing":false,"failureDetails":[],"failureMessages":[],"fullName":"AuthController updateProfile returns 400 when no user id","invocations":1,"location":null,"numPassingAsserts":1,"retryReasons":[],"startAt":1784374073423,"status":"passed","title":"updateProfile returns 400 when no user id"},{"ancestorTitles":["AuthController"],"duration":1,"failing":false,"failureDetails":[],"failureMessages":[],"fullName":"AuthController updateProfile returns 400 when validation fails","invocations":1,"location":null,"numPassingAsserts":1,"retryReasons":[],"startAt":1784374073425,"status":"passed","title":"updateProfile returns 400 when validation fails"},{"ancestorTitles":["AuthController"],"duration":3,"failing":false,"failureDetails":[],"failureMessages":[],"fullName":"AuthController updateProfile updates and includes file filename","invocations":1,"location":null,"numPassingAsserts":3,"retryReasons":[],"startAt":1784374073427,"status":"passed","title":"updateProfile updates and includes file filename"},{"ancestorTitles":["AuthController"],"duration":1,"failing":false,"failureDetails":[],"failureMessages":[],"fullName":"AuthController updateProfile updates when no file provided","invocations":1,"location":null,"numPassingAsserts":2,"retryReasons":[],"startAt":1784374073431,"status":"passed","title":"updateProfile updates when no file provided"},{"ancestorTitles":["AuthController"],"duration":1,"failing":false,"failureDetails":[],"failureMessages":[],"fullName":"AuthController getUserById returns 200 with user","invocations":1,"location":null,"numPassingAsserts":2,"retryReasons":[],"startAt":1784374073434,"status":"passed","title":"getUserById returns 200 with user"},{"ancestorTitles":["AuthController"],"duration":1,"failing":false,"failureDetails":[],"failureMessages":[],"fullName":"AuthController sendResetPasswordEmail returns 200 on success","invocations":1,"location":null,"numPassingAsserts":1,"retryReasons":[],"startAt":1784374073435,"status":"passed","title":"sendResetPasswordEmail returns 200 on success"},{"ancestorTitles":["AuthController"],"duration":16,"failing":false,"failureDetails":[],"failureMessages":[],"fullName":"AuthController sendResetPasswordEmail handles service error","invocations":1,"location":null,"numPassingAsserts":2,"retryReasons":[],"startAt":1784374073437,"status":"passed","title":"sendResetPasswordEmail handles service error"},{"ancestorTitles":["AuthController"],"duration":2,"failing":false,"failureDetails":[],"failureMessages":[],"fullName":"AuthController sendResetPasswordOTP returns 200 on success","invocations":1,"location":null,"numPassingAsserts":2,"retryReasons":[],"startAt":1784374073454,"status":"passed","title":"sendResetPasswordOTP returns 200 on success"},{"ancestorTitles":["AuthController"],"duration":8,"failing":false,"failureDetails":[],"failureMessages":[],"fullName":"AuthController sendResetPasswordOTP handles service errors","invocations":1,"location":null,"numPassingAsserts":2,"retryReasons":[],"startAt":1784374073457,"status":"passed","title":"sendResetPasswordOTP handles service errors"},{"ancestorTitles":["AuthController"],"duration":1,"failing":false,"failureDetails":[],"failureMessages":[],"fullName":"AuthController resetPassword returns 200 on success","invocations":1,"location":null,"numPassingAsserts":2,"retryReasons":[],"startAt":1784374073467,"status":"passed","title":"resetPassword returns 200 on success"},{"ancestorTitles":["AuthController"],"duration":1,"failing":false,"failureDetails":[],"failureMessages":[],"fullName":"AuthController resetPasswordWithOTP returns 200 on success","invocations":1,"location":null,"numPassingAsserts":2,"retryReasons":[],"startAt":1784374073468,"status":"passed","title":"resetPasswordWithOTP returns 200 on success"},{"ancestorTitles":["AuthController"],"duration":14,"failing":false,"failureDetails":[],"failureMessages":[],"fullName":"AuthController resetPasswordWithOTP handles service errors","invocations":1,"location":null,"numPassingAsserts":2,"retryReasons":[],"startAt":1784374073470,"status":"passed","title":"resetPasswordWithOTP handles service errors"},{"ancestorTitles":["AuthController"],"duration":7,"failing":false,"failureDetails":[],"failureMessages":[],"fullName":"AuthController sendResetPasswordOTP handles service errors with statusCode only","invocations":1,"location":null,"numPassingAsserts":2,"retryReasons":[],"startAt":1784374073485,"status":"passed","title":"sendResetPasswordOTP handles service errors with statusCode only"},{"ancestorTitles":["AuthController"],"duration":8,"failing":false,"failureDetails":[],"failureMessages":[],"fullName":"AuthController resetPasswordWithOTP handles service errors with statusCode only","invocations":1,"location":null,"numPassingAsserts":2,"retryReasons":[],"startAt":1784374073493,"status":"passed","title":"resetPasswordWithOTP handles service errors with statusCode only"},{"ancestorTitles":["AuthController"],"duration":48,"failing":false,"failureDetails":[],"failureMessages":[],"fullName":"AuthController methods propagate generic service errors","invocations":1,"location":null,"numPassingAsserts":7,"retryReasons":[],"startAt":1784374073501,"status":"passed","title":"methods propagate generic service errors"},{"ancestorTitles":["AuthController"],"duration":68,"failing":false,"failureDetails":[],"failureMessages":[],"fullName":"AuthController service errors propagate provided statusCode and message for all methods","invocations":1,"location":null,"numPassingAsserts":16,"retryReasons":[],"startAt":1784374073549,"status":"passed","title":"service errors propagate provided statusCode and message for all methods"},{"ancestorTitles":["AuthController"],"duration":2,"failing":false,"failureDetails":[],"failureMessages":[],"fullName":"AuthController updateProfile updates without file when none provided","invocations":1,"location":null,"numPassingAsserts":2,"retryReasons":[],"startAt":1784374073617,"status":"passed","title":"updateProfile updates without file when none provided"},{"ancestorTitles":["AuthController"],"duration":182,"failing":false,"failureDetails":[],"failureMessages":[],"fullName":"AuthController googleSignIn uses array audience when GOOGLE_CLIENT_ID contains multiple ids","invocations":1,"location":null,"numPassingAsserts":2,"retryReasons":[],"startAt":1784374073619,"status":"passed","title":"googleSignIn uses array audience when GOOGLE_CLIENT_ID contains multiple ids"},{"ancestorTitles":["AuthController"],"duration":142,"failing":false,"failureDetails":[],"failureMessages":[],"fullName":"AuthController googleSignIn uses single audience when GOOGLE_CLIENT_ID is a single id","invocations":1,"location":null,"numPassingAsserts":2,"retryReasons":[],"startAt":1784374073802,"status":"passed","title":"googleSignIn uses single audience when GOOGLE_CLIENT_ID is a single id"},{"ancestorTitles":["AuthController"],"duration":177,"failing":false,"failureDetails":[],"failureMessages":[],"fullName":"AuthController googleSignIn handles missing GOOGLE_CLIENT_ID (falsy) branch","invocations":1,"location":null,"numPassingAsserts":1,"retryReasons":[],"startAt":1784374073945,"status":"passed","title":"googleSignIn handles missing GOOGLE_CLIENT_ID (falsy) branch"},{"ancestorTitles":["AuthController"],"duration":105,"failing":false,"failureDetails":[],"failureMessages":[],"fullName":"AuthController googleSignIn handles empty GOOGLE_CLIENT_ID string branch","invocations":1,"location":null,"numPassingAsserts":2,"retryReasons":[],"startAt":1784374074123,"status":"passed","title":"googleSignIn handles empty GOOGLE_CLIENT_ID string branch"},{"ancestorTitles":["AuthController"],"duration":189,"failing":false,"failureDetails":[],"failureMessages":[],"fullName":"AuthController googleSignIn handles double-quoted single GOOGLE_CLIENT_ID","invocations":1,"location":null,"numPassingAsserts":2,"retryReasons":[],"startAt":1784374074229,"status":"passed","title":"googleSignIn handles double-quoted single GOOGLE_CLIENT_ID"},{"ancestorTitles":["AuthController"],"duration":136,"failing":false,"failureDetails":[],"failureMessages":[],"fullName":"AuthController googleSignIn handles single-quoted single GOOGLE_CLIENT_ID","invocations":1,"location":null,"numPassingAsserts":2,"retryReasons":[],"startAt":1784374074419,"status":"passed","title":"googleSignIn handles single-quoted single GOOGLE_CLIENT_ID"},{"ancestorTitles":["AuthController"],"duration":151,"failing":false,"failureDetails":[],"failureMessages":[],"fullName":"AuthController googleSignIn handles whitespace-only GOOGLE_CLIENT_ID","invocations":1,"location":null,"numPassingAsserts":2,"retryReasons":[],"startAt":1784374074556,"status":"passed","title":"googleSignIn handles whitespace-only GOOGLE_CLIENT_ID"},{"ancestorTitles":["AuthController"],"duration":110,"failing":false,"failureDetails":[],"failureMessages":[],"fullName":"AuthController googleSignIn handles GOOGLE_CLIENT_ID entries with extra commas","invocations":1,"location":null,"numPassingAsserts":2,"retryReasons":[],"startAt":1784374074708,"status":"passed","title":"googleSignIn handles GOOGLE_CLIENT_ID entries with extra commas"},{"ancestorTitles":["AuthController","AuthController - googleSignIn missing idToken"],"duration":1,"failing":false,"failureDetails":[],"failureMessages":[],"fullName":"AuthController AuthController - googleSignIn missing idToken returns 400 when idToken is not provided","invocations":1,"location":null,"numPassingAsserts":2,"retryReasons":[],"startAt":1784374074818,"status":"passed","title":"returns 400 when idToken is not provided"}],"endTime":1784374074852,"message":"","name":"C:\\Users\\hp\\Desktop\\New folder\\FashionSwap\\FashionSwap-backend\\src\\__tests__\\unit\\controllers\\auth.controller.test.ts","startTime":1784374061914,"status":"passed","summary":""}],"wasInterrupted":false}
